Determining if the strlcpy exist failed with the following output:
Change Dir: /home/pristu/Documents/School/Gill/rts-research/cyclonedds/cmake-build-debug/CMakeFiles/CMakeTmp

Run Build Command(s):/usr/bin/gmake -f Makefile cmTC_6ef48/fast && /usr/bin/gmake  -f CMakeFiles/cmTC_6ef48.dir/build.make CMakeFiles/cmTC_6ef48.dir/build
gmake[1]: Entering directory '/home/pristu/Documents/School/Gill/rts-research/cyclonedds/cmake-build-debug/CMakeFiles/CMakeTmp'
Building C object CMakeFiles/cmTC_6ef48.dir/CheckSymbolExists.c.o
/usr/bin/cc   -std=gnu99 -o CMakeFiles/cmTC_6ef48.dir/CheckSymbolExists.c.o -c /home/pristu/Documents/School/Gill/rts-research/cyclonedds/cmake-build-debug/CMakeFiles/CMakeTmp/CheckSymbolExists.c
/home/pristu/Documents/School/Gill/rts-research/cyclonedds/cmake-build-debug/CMakeFiles/CMakeTmp/CheckSymbolExists.c: In function ‘main’:
/home/pristu/Documents/School/Gill/rts-research/cyclonedds/cmake-build-debug/CMakeFiles/CMakeTmp/CheckSymbolExists.c:8:19: error: ‘strlcpy’ undeclared (first use in this function); did you mean ‘strncpy’?
    8 |   return ((int*)(&strlcpy))[argc];
      |                   ^~~~~~~
      |                   strncpy
/home/pristu/Documents/School/Gill/rts-research/cyclonedds/cmake-build-debug/CMakeFiles/CMakeTmp/CheckSymbolExists.c:8:19: note: each undeclared identifier is reported only once for each function it appears in
gmake[1]: *** [CMakeFiles/cmTC_6ef48.dir/build.make:78: CMakeFiles/cmTC_6ef48.dir/CheckSymbolExists.c.o] Error 1
gmake[1]: Leaving directory '/home/pristu/Documents/School/Gill/rts-research/cyclonedds/cmake-build-debug/CMakeFiles/CMakeTmp'
gmake: *** [Makefile:127: cmTC_6ef48/fast] Error 2


File /home/pristu/Documents/School/Gill/rts-research/cyclonedds/cmake-build-debug/CMakeFiles/CMakeTmp/CheckSymbolExists.c:
/* */
#include <string.h>

int main(int argc, char** argv)
{
  (void)argv;
#ifndef strlcpy
  return ((int*)(&strlcpy))[argc];
#else
  (void)argc;
  return 0;
#endif
}
Determining if the strlcat exist failed with the following output:
Change Dir: /home/pristu/Documents/School/Gill/rts-research/cyclonedds/cmake-build-debug/CMakeFiles/CMakeTmp

Run Build Command(s):/usr/bin/gmake -f Makefile cmTC_91473/fast && /usr/bin/gmake  -f CMakeFiles/cmTC_91473.dir/build.make CMakeFiles/cmTC_91473.dir/build
gmake[1]: Entering directory '/home/pristu/Documents/School/Gill/rts-research/cyclonedds/cmake-build-debug/CMakeFiles/CMakeTmp'
Building C object CMakeFiles/cmTC_91473.dir/CheckSymbolExists.c.o
/usr/bin/cc   -std=gnu99 -o CMakeFiles/cmTC_91473.dir/CheckSymbolExists.c.o -c /home/pristu/Documents/School/Gill/rts-research/cyclonedds/cmake-build-debug/CMakeFiles/CMakeTmp/CheckSymbolExists.c
/home/pristu/Documents/School/Gill/rts-research/cyclonedds/cmake-build-debug/CMakeFiles/CMakeTmp/CheckSymbolExists.c: In function ‘main’:
/home/pristu/Documents/School/Gill/rts-research/cyclonedds/cmake-build-debug/CMakeFiles/CMakeTmp/CheckSymbolExists.c:8:19: error: ‘strlcat’ undeclared (first use in this function); did you mean ‘strncat’?
    8 |   return ((int*)(&strlcat))[argc];
      |                   ^~~~~~~
      |                   strncat
/home/pristu/Documents/School/Gill/rts-research/cyclonedds/cmake-build-debug/CMakeFiles/CMakeTmp/CheckSymbolExists.c:8:19: note: each undeclared identifier is reported only once for each function it appears in
gmake[1]: *** [CMakeFiles/cmTC_91473.dir/build.make:78: CMakeFiles/cmTC_91473.dir/CheckSymbolExists.c.o] Error 1
gmake[1]: Leaving directory '/home/pristu/Documents/School/Gill/rts-research/cyclonedds/cmake-build-debug/CMakeFiles/CMakeTmp'
gmake: *** [Makefile:127: cmTC_91473/fast] Error 2


File /home/pristu/Documents/School/Gill/rts-research/cyclonedds/cmake-build-debug/CMakeFiles/CMakeTmp/CheckSymbolExists.c:
/* */
#include <string.h>

int main(int argc, char** argv)
{
  (void)argv;
#ifndef strlcat
  return ((int*)(&strlcat))[argc];
#else
  (void)argc;
  return 0;
#endif
}
Performing C SOURCE FILE Test COMPILER_HAS_HIDDEN_INLINE_VISIBILITY failed with the following output:
Change Dir: /home/pristu/Documents/School/Gill/rts-research/cyclonedds/cmake-build-debug/CMakeFiles/CMakeTmp

Run Build Command(s):/usr/bin/gmake -f Makefile cmTC_41764/fast && /usr/bin/gmake  -f CMakeFiles/cmTC_41764.dir/build.make CMakeFiles/cmTC_41764.dir/build
gmake[1]: Entering directory '/home/pristu/Documents/School/Gill/rts-research/cyclonedds/cmake-build-debug/CMakeFiles/CMakeTmp'
Building C object CMakeFiles/cmTC_41764.dir/src.c.o
/usr/bin/cc -DCOMPILER_HAS_HIDDEN_INLINE_VISIBILITY  -fvisibility-inlines-hidden -std=gnu99 -o CMakeFiles/cmTC_41764.dir/src.c.o -c /home/pristu/Documents/School/Gill/rts-research/cyclonedds/cmake-build-debug/CMakeFiles/CMakeTmp/src.c
cc1: warning: command-line option '-fvisibility-inlines-hidden' is valid for C++/ObjC++ but not for C
Linking C executable cmTC_41764
/home/pristu/.local/share/JetBrains/Toolbox/apps/CLion/ch-0/213.6461.75/bin/cmake/linux/bin/cmake -E cmake_link_script CMakeFiles/cmTC_41764.dir/link.txt --verbose=1
/usr/bin/cc CMakeFiles/cmTC_41764.dir/src.c.o -o cmTC_41764 
gmake[1]: Leaving directory '/home/pristu/Documents/School/Gill/rts-research/cyclonedds/cmake-build-debug/CMakeFiles/CMakeTmp'


Source file was:
int main(void) { return 0; }
